{"C:\\Users\\Erick\\Documents\\Web Development\\COSC-4353-project\\2test-fuel-app\\Fuel-App\\server\\Controllers\\priceModule.js": {"path":"C:\\Users\\Erick\\Documents\\Web Development\\COSC-4353-project\\2test-fuel-app\\Fuel-App\\server\\Controllers\\priceModule.js","statementMap":{"0":{"start":{"line":1,"column":17},"end":{"line":1,"column":36}},"1":{"start":{"line":2,"column":11},"end":{"line":2,"column":48}},"2":{"start":{"line":32,"column":20},"end":{"line":63,"column":1}},"3":{"start":{"line":33,"column":86},"end":{"line":33,"column":94}},"4":{"start":{"line":35,"column":20},"end":{"line":35,"column":22}},"5":{"start":{"line":37,"column":2},"end":{"line":39,"column":3}},"6":{"start":{"line":38,"column":4},"end":{"line":38,"column":34}},"7":{"start":{"line":40,"column":2},"end":{"line":42,"column":3}},"8":{"start":{"line":41,"column":4},"end":{"line":41,"column":39}},"9":{"start":{"line":43,"column":2},"end":{"line":45,"column":3}},"10":{"start":{"line":44,"column":4},"end":{"line":44,"column":36}},"11":{"start":{"line":46,"column":2},"end":{"line":48,"column":3}},"12":{"start":{"line":47,"column":4},"end":{"line":47,"column":38}},"13":{"start":{"line":49,"column":2},"end":{"line":51,"column":3}},"14":{"start":{"line":50,"column":4},"end":{"line":50,"column":38}},"15":{"start":{"line":52,"column":2},"end":{"line":54,"column":3}},"16":{"start":{"line":53,"column":4},"end":{"line":53,"column":88}},"17":{"start":{"line":56,"column":2},"end":{"line":62,"column":3}},"18":{"start":{"line":57,"column":20},"end":{"line":57,"column":32}},"19":{"start":{"line":58,"column":18},"end":{"line":58,"column":119}},"20":{"start":{"line":59,"column":4},"end":{"line":59,"column":31}},"21":{"start":{"line":61,"column":4},"end":{"line":61,"column":48}},"22":{"start":{"line":102,"column":0},"end":{"line":108,"column":1}}},"fnMap":{"0":{"name":"(anonymous_0)","decl":{"start":{"line":32,"column":20},"end":{"line":32,"column":21}},"loc":{"start":{"line":32,"column":40},"end":{"line":63,"column":1}},"line":32}},"branchMap":{"0":{"loc":{"start":{"line":37,"column":2},"end":{"line":39,"column":3}},"type":"if","locations":[{"start":{"line":37,"column":2},"end":{"line":39,"column":3}},{"start":{},"end":{}}],"line":37},"1":{"loc":{"start":{"line":40,"column":2},"end":{"line":42,"column":3}},"type":"if","locations":[{"start":{"line":40,"column":2},"end":{"line":42,"column":3}},{"start":{},"end":{}}],"line":40},"2":{"loc":{"start":{"line":43,"column":2},"end":{"line":45,"column":3}},"type":"if","locations":[{"start":{"line":43,"column":2},"end":{"line":45,"column":3}},{"start":{},"end":{}}],"line":43},"3":{"loc":{"start":{"line":46,"column":2},"end":{"line":48,"column":3}},"type":"if","locations":[{"start":{"line":46,"column":2},"end":{"line":48,"column":3}},{"start":{},"end":{}}],"line":46},"4":{"loc":{"start":{"line":49,"column":2},"end":{"line":51,"column":3}},"type":"if","locations":[{"start":{"line":49,"column":2},"end":{"line":51,"column":3}},{"start":{},"end":{}}],"line":49},"5":{"loc":{"start":{"line":52,"column":2},"end":{"line":54,"column":3}},"type":"if","locations":[{"start":{"line":52,"column":2},"end":{"line":54,"column":3}},{"start":{},"end":{}}],"line":52}},"s":{"0":1,"1":1,"2":1,"3":3,"4":3,"5":3,"6":2,"7":3,"8":2,"9":3,"10":2,"11":3,"12":2,"13":3,"14":2,"15":3,"16":2,"17":1,"18":1,"19":1,"20":1,"21":0,"22":1},"f":{"0":3},"b":{"0":[2,1],"1":[2,1],"2":[2,1],"3":[2,1],"4":[2,1],"5":[2,1]},"_coverageSchema":"1a1c01bbd47fc00a2c39e90264f33305004495a9","hash":"e99f5f15c2e25f2308376cbe81a2a3c144b18d3e"}
,"C:\\Users\\Erick\\Documents\\Web Development\\COSC-4353-project\\2test-fuel-app\\Fuel-App\\server\\Controllers\\quoteHistory.js": {"path":"C:\\Users\\Erick\\Documents\\Web Development\\COSC-4353-project\\2test-fuel-app\\Fuel-App\\server\\Controllers\\quoteHistory.js","statementMap":{"0":{"start":{"line":1,"column":11},"end":{"line":1,"column":49}},"1":{"start":{"line":4,"column":24},"end":{"line":14,"column":1}},"2":{"start":{"line":5,"column":22},"end":{"line":11,"column":4}},"3":{"start":{"line":13,"column":2},"end":{"line":13,"column":23}},"4":{"start":{"line":17,"column":0},"end":{"line":17,"column":37}}},"fnMap":{"0":{"name":"(anonymous_0)","decl":{"start":{"line":4,"column":24},"end":{"line":4,"column":25}},"loc":{"start":{"line":4,"column":37},"end":{"line":14,"column":1}},"line":4}},"branchMap":{},"s":{"0":1,"1":1,"2":1,"3":1,"4":1},"f":{"0":1},"b":{},"_coverageSchema":"1a1c01bbd47fc00a2c39e90264f33305004495a9","hash":"f24964968b531784642948623c5f6a8f84f18e3a"}
,"C:\\Users\\Erick\\Documents\\Web Development\\COSC-4353-project\\2test-fuel-app\\Fuel-App\\server\\models\\priceModuleModel.js": {"path":"C:\\Users\\Erick\\Documents\\Web Development\\COSC-4353-project\\2test-fuel-app\\Fuel-App\\server\\models\\priceModuleModel.js","statementMap":{"0":{"start":{"line":1,"column":17},"end":{"line":1,"column":36}},"1":{"start":{"line":4,"column":20},"end":{"line":29,"column":23}},"2":{"start":{"line":31,"column":0},"end":{"line":31,"column":53}}},"fnMap":{},"branchMap":{},"s":{"0":1,"1":1,"2":1},"f":{},"b":{},"_coverageSchema":"1a1c01bbd47fc00a2c39e90264f33305004495a9","hash":"eb0720c58b07c4f42bf5190cd31c12e95153e2ef"}
,"C:\\Users\\Erick\\Documents\\Web Development\\COSC-4353-project\\2test-fuel-app\\Fuel-App\\server\\models\\quoteHistoryModel.js": {"path":"C:\\Users\\Erick\\Documents\\Web Development\\COSC-4353-project\\2test-fuel-app\\Fuel-App\\server\\models\\quoteHistoryModel.js","statementMap":{"0":{"start":{"line":1,"column":17},"end":{"line":1,"column":36}},"1":{"start":{"line":3,"column":27},"end":{"line":9,"column":2}},"2":{"start":{"line":11,"column":0},"end":{"line":11,"column":68}}},"fnMap":{},"branchMap":{},"s":{"0":1,"1":1,"2":1},"f":{},"b":{},"_coverageSchema":"1a1c01bbd47fc00a2c39e90264f33305004495a9","hash":"914f0b017c70b1dcd8bdf0340a84c000b4d425c3"}
,"C:\\Users\\Erick\\Documents\\Web Development\\COSC-4353-project\\2test-fuel-app\\Fuel-App\\server\\models\\userModel.js": {"path":"C:\\Users\\Erick\\Documents\\Web Development\\COSC-4353-project\\2test-fuel-app\\Fuel-App\\server\\models\\userModel.js","statementMap":{"0":{"start":{"line":1,"column":17},"end":{"line":1,"column":36}},"1":{"start":{"line":2,"column":15},"end":{"line":2,"column":32}},"2":{"start":{"line":3,"column":18},"end":{"line":3,"column":38}},"3":{"start":{"line":5,"column":19},"end":{"line":15,"column":22}},"4":{"start":{"line":19,"column":0},"end":{"line":45,"column":1}},"5":{"start":{"line":21,"column":2},"end":{"line":23,"column":3}},"6":{"start":{"line":22,"column":4},"end":{"line":22,"column":44}},"7":{"start":{"line":25,"column":2},"end":{"line":27,"column":3}},"8":{"start":{"line":26,"column":4},"end":{"line":26,"column":37}},"9":{"start":{"line":29,"column":2},"end":{"line":31,"column":3}},"10":{"start":{"line":30,"column":4},"end":{"line":30,"column":48}},"11":{"start":{"line":33,"column":17},"end":{"line":33,"column":46}},"12":{"start":{"line":35,"column":2},"end":{"line":37,"column":3}},"13":{"start":{"line":36,"column":4},"end":{"line":36,"column":38}},"14":{"start":{"line":39,"column":15},"end":{"line":39,"column":39}},"15":{"start":{"line":40,"column":15},"end":{"line":40,"column":48}},"16":{"start":{"line":42,"column":15},"end":{"line":42,"column":57}},"17":{"start":{"line":44,"column":2},"end":{"line":44,"column":13}},"18":{"start":{"line":72,"column":0},"end":{"line":72,"column":53}}},"fnMap":{"0":{"name":"(anonymous_0)","decl":{"start":{"line":19,"column":28},"end":{"line":19,"column":29}},"loc":{"start":{"line":19,"column":61},"end":{"line":45,"column":1}},"line":19}},"branchMap":{"0":{"loc":{"start":{"line":21,"column":2},"end":{"line":23,"column":3}},"type":"if","locations":[{"start":{"line":21,"column":2},"end":{"line":23,"column":3}},{"start":{},"end":{}}],"line":21},"1":{"loc":{"start":{"line":21,"column":6},"end":{"line":21,"column":25}},"type":"binary-expr","locations":[{"start":{"line":21,"column":6},"end":{"line":21,"column":12}},{"start":{"line":21,"column":16},"end":{"line":21,"column":25}}],"line":21},"2":{"loc":{"start":{"line":25,"column":2},"end":{"line":27,"column":3}},"type":"if","locations":[{"start":{"line":25,"column":2},"end":{"line":27,"column":3}},{"start":{},"end":{}}],"line":25},"3":{"loc":{"start":{"line":29,"column":2},"end":{"line":31,"column":3}},"type":"if","locations":[{"start":{"line":29,"column":2},"end":{"line":31,"column":3}},{"start":{},"end":{}}],"line":29},"4":{"loc":{"start":{"line":35,"column":2},"end":{"line":37,"column":3}},"type":"if","locations":[{"start":{"line":35,"column":2},"end":{"line":37,"column":3}},{"start":{},"end":{}}],"line":35}},"s":{"0":1,"1":1,"2":1,"3":1,"4":1,"5":5,"6":1,"7":4,"8":1,"9":3,"10":2,"11":1,"12":1,"13":1,"14":0,"15":0,"16":0,"17":0,"18":1},"f":{"0":5},"b":{"0":[1,4],"1":[5,1],"2":[1,3],"3":[2,1],"4":[1,0]},"_coverageSchema":"1a1c01bbd47fc00a2c39e90264f33305004495a9","hash":"78e5fdfa6988f1324463c81cc1f35a0aa1168bdd"}
}
