{"C:\\Users\\Erick\\Documents\\Web Development\\COSC-4353-project\\test-fuel-app\\Web-Application\\server\\Controllers\\quoteHistory.js": {"path":"C:\\Users\\Erick\\Documents\\Web Development\\COSC-4353-project\\test-fuel-app\\Web-Application\\server\\Controllers\\quoteHistory.js","statementMap":{"0":{"start":{"line":1,"column":11},"end":{"line":1,"column":44}},"1":{"start":{"line":4,"column":24},"end":{"line":14,"column":1}},"2":{"start":{"line":5,"column":22},"end":{"line":11,"column":4}},"3":{"start":{"line":13,"column":2},"end":{"line":13,"column":23}},"4":{"start":{"line":17,"column":0},"end":{"line":17,"column":37}}},"fnMap":{"0":{"name":"(anonymous_0)","decl":{"start":{"line":4,"column":24},"end":{"line":4,"column":25}},"loc":{"start":{"line":4,"column":37},"end":{"line":14,"column":1}},"line":4}},"branchMap":{},"s":{"0":1,"1":1,"2":1,"3":1,"4":1},"f":{"0":1},"b":{},"_coverageSchema":"1a1c01bbd47fc00a2c39e90264f33305004495a9","hash":"4e7626c3165c57114cdbcf3a13d684d08f012550"}
,"C:\\Users\\Erick\\Documents\\Web Development\\COSC-4353-project\\test-fuel-app\\Web-Application\\server\\models\\quoteHistory.js": {"path":"C:\\Users\\Erick\\Documents\\Web Development\\COSC-4353-project\\test-fuel-app\\Web-Application\\server\\models\\quoteHistory.js","statementMap":{"0":{"start":{"line":1,"column":17},"end":{"line":1,"column":36}},"1":{"start":{"line":3,"column":27},"end":{"line":10,"column":2}},"2":{"start":{"line":12,"column":0},"end":{"line":12,"column":59}}},"fnMap":{},"branchMap":{},"s":{"0":1,"1":1,"2":1},"f":{},"b":{},"_coverageSchema":"1a1c01bbd47fc00a2c39e90264f33305004495a9","hash":"ea20e1174ad629833c8072a6f1db01100add9c9f"}
}
