TN:
SF:Controllers\priceModule.js
FN:32,(anonymous_0)
FNF:1
FNH:1
FNDA:3,(anonymous_0)
DA:1,1
DA:2,1
DA:32,1
DA:33,3
DA:35,3
DA:37,3
DA:38,2
DA:40,3
DA:41,2
DA:43,3
DA:44,2
DA:46,3
DA:47,2
DA:49,3
DA:50,2
DA:52,3
DA:53,2
DA:56,1
DA:57,1
DA:58,1
DA:59,1
DA:61,0
DA:102,1
LF:23
LH:22
BRDA:37,0,0,2
BRDA:37,0,1,1
BRDA:40,1,0,2
BRDA:40,1,1,1
BRDA:43,2,0,2
BRDA:43,2,1,1
BRDA:46,3,0,2
BRDA:46,3,1,1
BRDA:49,4,0,2
BRDA:49,4,1,1
BRDA:52,5,0,2
BRDA:52,5,1,1
BRF:12
BRH:12
end_of_record
TN:
SF:Controllers\quoteHistory.js
FN:4,(anonymous_0)
FNF:1
FNH:1
FNDA:1,(anonymous_0)
DA:1,1
DA:4,1
DA:5,1
DA:13,1
DA:17,1
LF:5
LH:5
BRF:0
BRH:0
end_of_record
TN:
SF:models\priceModuleModel.js
FNF:0
FNH:0
DA:1,1
DA:4,1
DA:31,1
LF:3
LH:3
BRF:0
BRH:0
end_of_record
TN:
SF:models\quoteHistoryModel.js
FNF:0
FNH:0
DA:1,1
DA:3,1
DA:11,1
LF:3
LH:3
BRF:0
BRH:0
end_of_record
TN:
SF:models\userModel.js
FN:19,(anonymous_0)
FNF:1
FNH:1
FNDA:5,(anonymous_0)
DA:1,1
DA:2,1
DA:3,1
DA:5,1
DA:19,1
DA:21,5
DA:22,1
DA:25,4
DA:26,1
DA:29,3
DA:30,2
DA:33,1
DA:35,1
DA:36,1
DA:39,0
DA:40,0
DA:42,0
DA:44,0
DA:72,1
LF:19
LH:15
BRDA:21,0,0,1
BRDA:21,0,1,4
BRDA:21,1,0,5
BRDA:21,1,1,1
BRDA:25,2,0,1
BRDA:25,2,1,3
BRDA:29,3,0,2
BRDA:29,3,1,1
BRDA:35,4,0,1
BRDA:35,4,1,0
BRF:10
BRH:9
end_of_record
